<?xml version="1.0" encoding="utf-8"?>
<test-run id="2" name="Pluralize.dll" fullname="D:/Temp/Pluralize/bin/Debug/net6.0/Pluralize.dll" testcasecount="1" result="Failed" start-time="2024-08-08T16:53:21.4168192Z" end-time="2024-08-08T16:53:21.6108257Z" duration="0.193930" total="1" passed="0" failed="1" inconclusive="0" skipped="0" warnings="0" asserts="1" random-seed="1916804041">
  <command-line><![CDATA[D:\Temp\Pluralize\bin\Debug\net6.0\Pluralize.dll]]></command-line>
  <filter />
  <test-suite type="Assembly" id="1002" name="Pluralize.dll" fullname="D:/Temp/Pluralize/bin/Debug/net6.0/Pluralize.dll" runstate="Runnable" testcasecount="1" result="Failed" site="Child" start-time="2024-08-08T16:53:21.4168192Z" end-time="2024-08-08T16:53:21.6108257Z" duration="0.193930" total="1" passed="0" failed="1" warnings="0" inconclusive="0" skipped="0" asserts="1">
    <environment framework-version="3.13.3.0" clr-version="6.0.32" os-version="Microsoft Windows 10.0.22631" platform="Win32NT" cwd="D:\Temp\Pluralize\bin\Debug\net6.0" machine-name="PPS-PC" user="Paul" user-domain="PPS-PC" culture="ru-RU" uiculture="ru-RU" os-architecture="x64" />
    <settings>
      <setting name="WorkDirectory" value="D:\Temp\Pluralize\bin\Debug\net6.0" />
      <setting name="NumberOfTestWorkers" value="12" />
    </settings>
    <properties>
      <property name="_PID" value="14324" />
      <property name="_APPDOMAIN" value="Pluralize" />
    </properties>
    <failure>
      <message><![CDATA[One or more child tests had errors]]></message>
    </failure>
    <test-suite type="TestSuite" id="1003" name="Pluralize" fullname="Pluralize" runstate="Runnable" testcasecount="1" result="Failed" site="Child" start-time="2024-08-08T16:53:21.4227535Z" end-time="2024-08-08T16:53:21.6108111Z" duration="0.188057" total="1" passed="0" failed="1" warnings="0" inconclusive="0" skipped="0" asserts="1">
      <failure>
        <message><![CDATA[One or more child tests had errors]]></message>
      </failure>
      <test-suite type="TestFixture" id="1000" name="Pluralize_Should" fullname="Pluralize.Pluralize_Should" classname="Pluralize.Pluralize_Should" runstate="Runnable" testcasecount="1" result="Failed" site="Child" start-time="2024-08-08T16:53:21.4243375Z" end-time="2024-08-08T16:53:21.6102447Z" duration="0.185907" total="1" passed="0" failed="1" warnings="0" inconclusive="0" skipped="0" asserts="1">
        <failure>
          <message><![CDATA[One or more child tests had errors]]></message>
        </failure>
        <test-case id="1001" name="BeCorrect" fullname="Pluralize.Pluralize_Should.BeCorrect" methodname="BeCorrect" classname="Pluralize.Pluralize_Should" runstate="Runnable" seed="760761576" result="Failed" start-time="2024-08-08T16:53:21.4264097Z" end-time="2024-08-08T16:53:21.6062880Z" duration="0.180135" asserts="1">
          <failure>
            <message><![CDATA[  Expected string length 6 but was 5. Strings differ at index 4.
  Expected: "рублей"
  But was:  "рубля"
  ---------------^
]]></message>
            <stack-trace><![CDATA[   at Pluralize.Pluralize_Should.BeCorrect() in D:\Temp\Pluralize\Pluralize_Should.cs:line 24
]]></stack-trace>
          </failure>
          <assertions>
            <assertion result="Failed">
              <message><![CDATA[  Expected string length 6 but was 5. Strings differ at index 4.
  Expected: "рублей"
  But was:  "рубля"
  ---------------^
]]></message>
              <stack-trace><![CDATA[   at Pluralize.Pluralize_Should.BeCorrect() in D:\Temp\Pluralize\Pluralize_Should.cs:line 24
]]></stack-trace>
            </assertion>
          </assertions>
        </test-case>
      </test-suite>
    </test-suite>
  </test-suite>
</test-run>